app/build/intermediates/manifest_merge_blame_file/debug/manifest-merger-blame-debug-report.txt
1<?xml version="1.0" encoding="utf-8"?>
2<manifest xmlns:android="http://schemas.android.com/apk/res/android"
3    package="com.iflytek.aiui.demo.simple"
4    android:versionCode="39"
5    android:versionName="1.5.8" >
6
7    <uses-sdk
8        android:minSdkVersion="23"
8-->src/main/AndroidManifest.xml
9        android:targetSdkVersion="28" />
9-->src/main/AndroidManifest.xml
10
11    <uses-permission android:name="android.permission.RECORD_AUDIO" /> <!-- 录音 -->
11-->src/main/AndroidManifest.xml:5:5-71
11-->src/main/AndroidManifest.xml:5:22-68
12    <uses-permission android:name="android.permission.INTERNET" /> <!-- 调用云端服务 -->
12-->src/main/AndroidManifest.xml:6:5-67
12-->src/main/AndroidManifest.xml:6:22-64
13    <uses-permission android:name="android.permission.WRITE_EXTERNAL_STORAGE" /> <!-- SDK缓存及调试日志 -->
13-->src/main/AndroidManifest.xml:7:5-81
13-->src/main/AndroidManifest.xml:7:22-78
14    <uses-permission android:name="android.permission.ACCESS_NETWORK_STATE" /> <!-- 判断是否联网 -->
14-->src/main/AndroidManifest.xml:8:5-79
14-->src/main/AndroidManifest.xml:8:22-76
15    <uses-permission android:name="android.permission.MODIFY_AUDIO_SETTINGS" />
15-->src/main/AndroidManifest.xml:9:5-80
15-->src/main/AndroidManifest.xml:9:22-77
16
17    <application
17-->src/main/AndroidManifest.xml:11:5-46:19
18        android:appComponentFactory="androidx.core.app.CoreComponentFactory"
18-->[androidx.core:core:1.3.1] AndroidManifest.xml:24:18-86
19        android:debuggable="true"
20        android:extractNativeLibs="false"
21        android:networkSecurityConfig="@xml/network_security_config" >
21-->src/main/AndroidManifest.xml:12:9-69
22        <activity
22-->src/main/AndroidManifest.xml:14:9-24:20
23            android:name="com.iflytek.aiui.demo.chat.MainActivity"
23-->src/main/AndroidManifest.xml:15:13-41
24            android:label="@string/app_name"
24-->src/main/AndroidManifest.xml:16:13-45
25            android:screenOrientation="portrait"
25-->src/main/AndroidManifest.xml:17:13-49
26            android:theme="@style/AppTheme.NoActionBar"
26-->src/main/AndroidManifest.xml:18:13-56
27            android:windowSoftInputMode="adjustResize" >
27-->src/main/AndroidManifest.xml:19:13-55
28            <intent-filter>
28-->src/main/AndroidManifest.xml:20:13-23:29
29                <action android:name="android.intent.action.MAIN" />
29-->src/main/AndroidManifest.xml:21:17-69
29-->src/main/AndroidManifest.xml:21:25-66
30
31                <category android:name="android.intent.category.LAUNCHER" />
31-->src/main/AndroidManifest.xml:22:17-77
31-->src/main/AndroidManifest.xml:22:27-74
32            </intent-filter>
33        </activity>
34        <activity
34-->src/main/AndroidManifest.xml:26:9-28:52
35            android:name="com.iflytek.aiui.demo.chat.NlpDemoActivity"
35-->src/main/AndroidManifest.xml:26:19-50
36            android:screenOrientation="portrait"
36-->src/main/AndroidManifest.xml:28:13-49
37            android:theme="@style/AppTheme.NoActionBar" />
37-->src/main/AndroidManifest.xml:27:13-56
38        <activity
38-->src/main/AndroidManifest.xml:30:9-32:52
39            android:name="com.iflytek.aiui.demo.chat.VoiceCloneDemoActivity"
39-->src/main/AndroidManifest.xml:30:19-57
40            android:screenOrientation="portrait"
40-->src/main/AndroidManifest.xml:32:13-49
41            android:theme="@style/AppTheme.NoActionBar" />
41-->src/main/AndroidManifest.xml:31:13-56
42        <activity
42-->src/main/AndroidManifest.xml:34:9-36:52
43            android:name="com.iflytek.aiui.demo.chat.RapidInteractDemoActivity"
43-->src/main/AndroidManifest.xml:34:19-60
44            android:screenOrientation="portrait"
44-->src/main/AndroidManifest.xml:36:13-49
45            android:theme="@style/AppTheme.NoActionBar" />
45-->src/main/AndroidManifest.xml:35:13-56
46        <activity
46-->src/main/AndroidManifest.xml:38:9-40:52
47            android:name="com.iflytek.aiui.demo.chat.RapidInteractDemoActivity2"
47-->src/main/AndroidManifest.xml:38:19-61
48            android:screenOrientation="portrait"
48-->src/main/AndroidManifest.xml:40:13-49
49            android:theme="@style/AppTheme.NoActionBar" />
49-->src/main/AndroidManifest.xml:39:13-56
50        <activity
50-->src/main/AndroidManifest.xml:42:9-44:52
51            android:name="com.iflytek.aiui.demo.chat.WebViewActivity"
51-->src/main/AndroidManifest.xml:42:19-50
52            android:screenOrientation="portrait"
52-->src/main/AndroidManifest.xml:44:13-49
53            android:theme="@style/AppTheme.NoActionBar" />
53-->src/main/AndroidManifest.xml:43:13-56
54    </application>
55
56</manifest>